2026-02-13 11:39:45,809 [INFO] Logging initialized. Log file: /home/dheirav/Code/Deepfake_Detection/deepfake-project/dataset_builder/logs/run_20260213_113945.log
2026-02-13 11:39:45,812 [INFO] Loaded config from /home/dheirav/Code/Deepfake_Detection/deepfake-project/dataset_builder/config/dataset_config.yaml
2026-02-13 11:39:45,812 [INFO] Config schema validation passed.
2026-02-13 11:39:45,814 [INFO] Full configuration:
random_seed: 42
project_root: /home/dheirav/Code/Deepfake_Detection/deepfake-project
artifacts_dir: output/artifacts
export_root: data/
dataset_version: v1
source_dirs:
- data_sources/real/FFHQ
class_map:
  data_sources/real/FFHQ: real
image_rules:
  min_width: 256
  min_height: 256
  target_resolution: 512
  blur_threshold: 80
  aspect_ratio_min: 0.5
  aspect_ratio_max: 2.0
  compression_heuristic: false
  compression_size_per_pixel: 0.15
class_targets:
  real: 5000
split_ratios:
  train: 0.7
  val: 0.15
  test: 0.15
min_quality_score: 0.7
max_total_images: 5000
per_source_max_fraction: 1.0
phash_hamming_threshold: 8
phash_bucket_chars: 12
phash_cluster_threshold: 8
strict_mode: true
max_missing_pct: 1.0
max_leakage_allowed: 0
max_malformed_pct: 1.0
max_low_quality_pct: 10
quality_hist_bins:
- 0
- 0.5
- 0.7
- 0.8
- 0.9
- 0.95
- 1.0
anomaly_cap: 1000

2026-02-13 11:39:48,418 [INFO] Set PyTorch random seed.
2026-02-13 11:39:48,418 [INFO] Random seed set to 42
2026-02-13 11:39:48,421 [INFO] Pipeline started. Artifacts dir: /home/dheirav/Code/Deepfake_Detection/deepfake-project/dataset_builder/output/artifacts
2026-02-13 11:39:48,421 [INFO] Global random seed set to 42
2026-02-13 11:39:48,421 [INFO] [1/8] Dataset Indexing...
2026-02-13 11:39:48,422 [INFO] Indexing data_sources/real/FFHQ as class 'real' and source 'data_sources/real/FFHQ'
2026-02-13 11:42:07,353 [INFO] Indexing complete. Output: /home/dheirav/Code/Deepfake_Detection/deepfake-project/dataset_builder/output/artifacts/index.csv
2026-02-13 11:42:07,356 [INFO] Summary: Total scanned: 52001, Indexed: 52001, Skipped: 0
2026-02-13 11:42:07,356 [INFO] Elapsed time: 138.93 seconds
2026-02-13 11:42:07,476 [INFO] [2/8] Image Validation...
